<?xml version="1.0" encoding="UTF-8"?>
<!-- Generated by org.testng.reporters.JUnitReportReporter -->
<testsuite hostname="DESKTOP-1PG3OPE" failures="0" tests="2" name="tests.TestLoginInvalido" time="0.595" errors="0" timestamp="2023-08-21T23:42:38 ART" skipped="0">
  <testcase classname="tests.TestLoginInvalido" name="loginInvalido" time="0.239"/>
  <testcase classname="tests.TestLoginInvalido" name="loginInvalido" time="0.356"/>
</testsuite> <!-- tests.TestLoginInvalido -->
